producer_class	xtools.gsea.Gsea
producer_timestamp	1698428175113
param	zip_report	false
param	num	100
param	scoring_scheme	weighted
param	norm	meandiv
param	out	C:\Users\Francesco\Desktop\NGSProject_Mehrdad\RNASeqProject_Mehrdad\GSEA
param	mode	Max_probe
param	include_only_symbols	true
param	set_max	500
param	gmx	ftp.broadinstitute.org://pub/gsea/msigdb/human/gene_sets/c5.go.cc.v2023.2.Hs.symbols.gmt
param	plot_top_x	20
param	nperm	1000
param	order	descending
param	rnd_seed	timestamp
param	rpt_label	GO_CC_SMAvsCTRL
param	set_min	15
param	res	C:\Users\Francesco\Desktop\DEseq2_normalized_GSEA_mehrdad.gct
param	chip	ftp.broadinstitute.org://pub/gsea/msigdb/human/annotations/Human_Ensembl_Gene_ID_MSigDB.v2023.2.Hs.chip
param	create_svgs	false
param	cls	C:\Users\Francesco\Desktop\phenotype_labels.cls#SMZ_versus_CTRL
param	sort	real
param	create_gcts	false
param	help	false
param	save_rnd_lists	false
param	median	false
param	metric	Signal2Noise
param	make_sets	true
param	rnd_type	no_balance
param	gui	false
param	permute	gene_set
param	collapse	Collapse

file	C:\Users\Francesco\Desktop\NGSProject_Mehrdad\RNASeqProject_Mehrdad\GSEA\GO_CC_SMAvsCTRL.Gsea.1698428175113\index.html
