producer_class	xtools.gsea.Gsea
producer_timestamp	1698425146341
param	zip_report	false
param	num	100
param	scoring_scheme	weighted
param	norm	meandiv
param	out	C:\Users\Francesco\Desktop\NGSProject_Mehrdad\RNASeqProject_Mehrdad\GSEA
param	mode	Max_probe
param	include_only_symbols	true
param	set_max	500
param	gmx	ftp.broadinstitute.org://pub/gsea/msigdb/human/gene_sets/c2.cp.kegg_legacy.v2023.2.Hs.symbols.gmt
param	plot_top_x	20
param	nperm	1000
param	order	descending
param	rnd_seed	timestamp
param	rpt_label	KEGG_CTX_CTRL
param	set_min	15
param	res	C:\Users\Francesco\Desktop\DEseq2_normalized_GSEA_mehrdad.gct
param	chip	ftp.broadinstitute.org://pub/gsea/msigdb/human/annotations/Human_Gene_Symbol_with_Remapping_MSigDB.v2023.2.Hs.chip
param	create_svgs	false
param	cls	C:\Users\Francesco\Desktop\phenotype_labels.cls#CTX_versus_CTRL
param	sort	real
param	create_gcts	false
param	help	false
param	save_rnd_lists	false
param	median	false
param	metric	Signal2Noise
param	make_sets	true
param	rnd_type	no_balance
param	gui	false
param	permute	phenotype
param	collapse	Collapse

file	C:\Users\Francesco\Desktop\NGSProject_Mehrdad\RNASeqProject_Mehrdad\GSEA\KEGG_CTX_CTRL.Gsea.1698425146341\index.html
