[2023-11-17 18:02:22.187] [jointLog] [info] setting maxHashResizeThreads to 12
[2023-11-17 18:02:22.187] [jointLog] [info] Fragment incompatibility prior below threshold.  Incompatible fragments will be ignored.
[2023-11-17 18:02:22.187] [jointLog] [info] Usage of --validateMappings implies use of minScoreFraction. Since not explicitly specified, it is being set to 0.65
[2023-11-17 18:02:22.187] [jointLog] [info] Setting consensusSlack to selective-alignment default of 0.35.
[2023-11-17 18:02:22.187] [jointLog] [info] parsing read library format
[2023-11-17 18:02:22.187] [jointLog] [info] There is 1 library.
[2023-11-17 18:02:22.189] [jointLog] [info] Loading pufferfish index
[2023-11-17 18:02:22.190] [jointLog] [info] Loading dense pufferfish index.
[2023-11-17 18:03:26.486] [jointLog] [info] done
[2023-11-17 18:03:26.603] [jointLog] [info] Index contained 252149 targets
[2023-11-17 18:03:26.727] [jointLog] [info] Number of decoys : 194
[2023-11-17 18:03:26.727] [jointLog] [info] First decoy index : 251913 
[2023-11-17 18:03:28.233] [jointLog] [info] Automatically detected most likely library type as ISR

[2023-11-17 18:15:53.494] [jointLog] [info] Thread saw mini-batch with a maximum of 3.06% zero probability fragments
[2023-11-17 18:15:53.675] [jointLog] [info] Thread saw mini-batch with a maximum of 3.10% zero probability fragments
[2023-11-17 18:15:53.682] [jointLog] [info] Thread saw mini-batch with a maximum of 3.26% zero probability fragments
[2023-11-17 18:15:53.730] [jointLog] [info] Thread saw mini-batch with a maximum of 3.24% zero probability fragments
[2023-11-17 18:15:53.885] [jointLog] [info] Thread saw mini-batch with a maximum of 3.16% zero probability fragments
[2023-11-17 18:15:53.949] [jointLog] [info] Thread saw mini-batch with a maximum of 3.08% zero probability fragments
[2023-11-17 18:15:53.975] [jointLog] [info] Thread saw mini-batch with a maximum of 3.14% zero probability fragments
[2023-11-17 18:15:53.984] [jointLog] [info] Thread saw mini-batch with a maximum of 3.26% zero probability fragments
[2023-11-17 18:15:54.044] [jointLog] [info] Thread saw mini-batch with a maximum of 3.02% zero probability fragments
[2023-11-17 18:15:54.055] [jointLog] [info] Thread saw mini-batch with a maximum of 3.16% zero probability fragments
[2023-11-17 18:15:54.073] [jointLog] [info] Thread saw mini-batch with a maximum of 3.20% zero probability fragments
[2023-11-17 18:15:54.139] [jointLog] [info] Thread saw mini-batch with a maximum of 3.22% zero probability fragments
[2023-11-17 18:15:54.783] [jointLog] [info] Computed 492947 rich equivalence classes for further processing
[2023-11-17 18:15:54.783] [jointLog] [info] Counted 44872884 total reads in the equivalence classes 
[2023-11-17 18:15:54.794] [jointLog] [info] Number of mappings discarded because of alignment score : 27609323
[2023-11-17 18:15:54.794] [jointLog] [info] Number of fragments entirely discarded because of alignment score : 2036162
[2023-11-17 18:15:54.794] [jointLog] [info] Number of fragments discarded because they are best-mapped to decoys : 1567072
[2023-11-17 18:15:54.794] [jointLog] [info] Number of fragments discarded because they have only dovetail (discordant) mappings to valid targets : 662844
[2023-11-17 18:15:54.794] [jointLog] [info] Mapping rate = 89.7859%

[2023-11-17 18:15:54.794] [jointLog] [info] finished quantifyLibrary()
[2023-11-17 18:15:54.805] [jointLog] [info] Starting optimizer
[2023-11-17 18:15:54.783] [fileLog] [info] 
At end of round 0
==================
Observed 49977638 total fragments (49977638 in most recent round)

[2023-11-17 18:15:55.040] [jointLog] [info] Marked 0 weighted equivalence classes as degenerate
[2023-11-17 18:15:55.070] [jointLog] [info] iteration = 0 | max rel diff. = 1812.56
[2023-11-17 18:15:57.966] [jointLog] [info] iteration = 100 | max rel diff. = 16.6108
[2023-11-17 18:16:00.825] [jointLog] [info] iteration = 200 | max rel diff. = 7.65927
[2023-11-17 18:16:03.685] [jointLog] [info] iteration = 300 | max rel diff. = 19.6536
[2023-11-17 18:16:06.499] [jointLog] [info] iteration = 400 | max rel diff. = 1.8222
[2023-11-17 18:16:09.243] [jointLog] [info] iteration = 500 | max rel diff. = 0.597159
[2023-11-17 18:16:11.990] [jointLog] [info] iteration = 600 | max rel diff. = 0.133975
[2023-11-17 18:16:14.748] [jointLog] [info] iteration = 700 | max rel diff. = 9.38672
[2023-11-17 18:16:17.465] [jointLog] [info] iteration = 800 | max rel diff. = 0.168143
[2023-11-17 18:16:20.204] [jointLog] [info] iteration = 900 | max rel diff. = 0.109702
[2023-11-17 18:16:22.933] [jointLog] [info] iteration = 1000 | max rel diff. = 1.27594
[2023-11-17 18:16:25.647] [jointLog] [info] iteration = 1100 | max rel diff. = 0.0403675
[2023-11-17 18:16:28.357] [jointLog] [info] iteration = 1200 | max rel diff. = 0.0546589
[2023-11-17 18:16:31.121] [jointLog] [info] iteration = 1300 | max rel diff. = 0.542627
[2023-11-17 18:16:33.883] [jointLog] [info] iteration = 1400 | max rel diff. = 0.293225
[2023-11-17 18:16:36.583] [jointLog] [info] iteration = 1500 | max rel diff. = 0.078968
[2023-11-17 18:16:39.296] [jointLog] [info] iteration = 1600 | max rel diff. = 0.0177978
[2023-11-17 18:16:41.057] [jointLog] [info] iteration = 1665 | max rel diff. = 0.00636124
[2023-11-17 18:16:41.114] [jointLog] [info] Finished optimizer
[2023-11-17 18:16:41.114] [jointLog] [info] writing output 

