[2023-11-17 19:46:02.779] [jointLog] [info] setting maxHashResizeThreads to 12
[2023-11-17 19:46:02.779] [jointLog] [info] Fragment incompatibility prior below threshold.  Incompatible fragments will be ignored.
[2023-11-17 19:46:02.779] [jointLog] [info] Usage of --validateMappings implies use of minScoreFraction. Since not explicitly specified, it is being set to 0.65
[2023-11-17 19:46:02.779] [jointLog] [info] Setting consensusSlack to selective-alignment default of 0.35.
[2023-11-17 19:46:02.779] [jointLog] [info] parsing read library format
[2023-11-17 19:46:02.779] [jointLog] [info] There is 1 library.
[2023-11-17 19:46:02.781] [jointLog] [info] Loading pufferfish index
[2023-11-17 19:46:02.782] [jointLog] [info] Loading dense pufferfish index.
[2023-11-17 19:47:12.933] [jointLog] [info] done
[2023-11-17 19:47:13.058] [jointLog] [info] Index contained 252149 targets
[2023-11-17 19:47:13.193] [jointLog] [info] Number of decoys : 194
[2023-11-17 19:47:13.193] [jointLog] [info] First decoy index : 251913 
[2023-11-17 19:47:14.690] [jointLog] [info] Automatically detected most likely library type as ISR

[2023-11-17 19:59:44.176] [jointLog] [info] Thread saw mini-batch with a maximum of 4.68% zero probability fragments
[2023-11-17 19:59:44.252] [jointLog] [info] Thread saw mini-batch with a maximum of 5.02% zero probability fragments
[2023-11-17 19:59:44.254] [jointLog] [info] Thread saw mini-batch with a maximum of 4.76% zero probability fragments
[2023-11-17 19:59:44.300] [jointLog] [info] Thread saw mini-batch with a maximum of 4.62% zero probability fragments
[2023-11-17 19:59:44.312] [jointLog] [info] Thread saw mini-batch with a maximum of 4.88% zero probability fragments
[2023-11-17 19:59:44.372] [jointLog] [info] Thread saw mini-batch with a maximum of 4.58% zero probability fragments
[2023-11-17 19:59:44.463] [jointLog] [info] Thread saw mini-batch with a maximum of 4.62% zero probability fragments
[2023-11-17 19:59:44.483] [jointLog] [info] Thread saw mini-batch with a maximum of 4.78% zero probability fragments
[2023-11-17 19:59:44.513] [jointLog] [info] Thread saw mini-batch with a maximum of 4.70% zero probability fragments
[2023-11-17 19:59:44.665] [jointLog] [info] Thread saw mini-batch with a maximum of 4.80% zero probability fragments
[2023-11-17 19:59:44.725] [jointLog] [info] Thread saw mini-batch with a maximum of 4.58% zero probability fragments
[2023-11-17 19:59:44.745] [jointLog] [info] Thread saw mini-batch with a maximum of 4.80% zero probability fragments
[2023-11-17 19:59:45.398] [jointLog] [info] Computed 511706 rich equivalence classes for further processing
[2023-11-17 19:59:45.398] [jointLog] [info] Counted 41787286 total reads in the equivalence classes 
[2023-11-17 19:59:45.410] [jointLog] [info] Number of mappings discarded because of alignment score : 26204676
[2023-11-17 19:59:45.410] [jointLog] [info] Number of fragments entirely discarded because of alignment score : 2208782
[2023-11-17 19:59:45.410] [jointLog] [info] Number of fragments discarded because they are best-mapped to decoys : 1753265
[2023-11-17 19:59:45.410] [jointLog] [info] Number of fragments discarded because they have only dovetail (discordant) mappings to valid targets : 961454
[2023-11-17 19:59:45.410] [jointLog] [info] Mapping rate = 87.3896%

[2023-11-17 19:59:45.410] [jointLog] [info] finished quantifyLibrary()
[2023-11-17 19:59:45.419] [jointLog] [info] Starting optimizer
[2023-11-17 19:59:45.399] [fileLog] [info] 
At end of round 0
==================
Observed 47817229 total fragments (47817229 in most recent round)

[2023-11-17 19:59:54.295] [jointLog] [info] Marked 0 weighted equivalence classes as degenerate
[2023-11-17 19:59:54.329] [jointLog] [info] iteration = 0 | max rel diff. = 2717.88
[2023-11-17 19:59:57.328] [jointLog] [info] iteration = 100 | max rel diff. = 18.6771
[2023-11-17 20:00:00.255] [jointLog] [info] iteration = 200 | max rel diff. = 2.68328
[2023-11-17 20:00:03.253] [jointLog] [info] iteration = 300 | max rel diff. = 4.3972
[2023-11-17 20:00:06.135] [jointLog] [info] iteration = 400 | max rel diff. = 3.80387
[2023-11-17 20:00:08.992] [jointLog] [info] iteration = 500 | max rel diff. = 3.53214
[2023-11-17 20:00:11.783] [jointLog] [info] iteration = 600 | max rel diff. = 0.193707
[2023-11-17 20:00:14.595] [jointLog] [info] iteration = 700 | max rel diff. = 1.04214
[2023-11-17 20:00:17.340] [jointLog] [info] iteration = 800 | max rel diff. = 0.560744
[2023-11-17 20:00:20.152] [jointLog] [info] iteration = 900 | max rel diff. = 0.0883882
[2023-11-17 20:00:22.949] [jointLog] [info] iteration = 1000 | max rel diff. = 0.0349035
[2023-11-17 20:00:25.743] [jointLog] [info] iteration = 1100 | max rel diff. = 0.161841
[2023-11-17 20:00:28.505] [jointLog] [info] iteration = 1200 | max rel diff. = 5.86501
[2023-11-17 20:00:31.251] [jointLog] [info] iteration = 1300 | max rel diff. = 0.29021
[2023-11-17 20:00:34.024] [jointLog] [info] iteration = 1400 | max rel diff. = 0.689074
[2023-11-17 20:00:36.772] [jointLog] [info] iteration = 1500 | max rel diff. = 0.478148
[2023-11-17 20:00:39.548] [jointLog] [info] iteration = 1600 | max rel diff. = 0.116793
[2023-11-17 20:00:42.316] [jointLog] [info] iteration = 1700 | max rel diff. = 0.030427
[2023-11-17 20:00:45.075] [jointLog] [info] iteration = 1800 | max rel diff. = 0.0109665
[2023-11-17 20:00:47.605] [jointLog] [info] iteration = 1892 | max rel diff. = 0.00839153
[2023-11-17 20:00:47.680] [jointLog] [info] Finished optimizer
[2023-11-17 20:00:47.681] [jointLog] [info] writing output 

